# JRE version: OpenJDK Runtime Environment Microsoft-8902769 (17.0.10+7) (build 17.0.10+7-LTS)
# Java VM: OpenJDK 64-Bit Server VM Microsoft-8902769 (17.0.10+7-LTS, mixed mode, sharing, tiered, compressed oops, compressed class ptrs, g1 gc, windows-amd64)
GC Precious Log:
 CPUs: 4 total, 4 available
 Memory: 8089M
 Large Page Support: Disabled
 NUMA Support: Disabled
 Compressed Oops: Enabled (32-bit)
 Heap Region Size: 1M
 Heap Min Capacity: 8M
 Heap Initial Capacity: 128M
 Heap Max Capacity: 2024M
 Pre-touch: Disabled
 Parallel Workers: 4
 Concurrent Workers: 1
 Concurrent Refinement Workers: 4
 Periodic GC: Disabled
Heap:
 garbage-first heap   total 219136K, used 101875K [0x0000000081800000, 0x0000000100000000)
  region size 1024K, 35 young (35840K), 2 survivors (2048K)
 Metaspace       used 74312K, committed 74624K, reserved 1179648K
  class space    used 8400K, committed 8576K, reserved 1048576K
GC Heap History (20 events):
Event: 33.369 GC heap before
{Heap before GC invocations=20 (full 0):
 garbage-first heap   total 80896K, used 64255K [0x0000000081800000, 0x0000000100000000)
  region size 1024K, 20 young (20480K), 3 survivors (3072K)
 Metaspace       used 51937K, committed 52288K, reserved 1114112K
  class space    used 6302K, committed 6464K, reserved 1048576K
}
Event: 33.387 GC heap after
{Heap after GC invocations=21 (full 0):
 garbage-first heap   total 80896K, used 50543K [0x0000000081800000, 0x0000000100000000)
  region size 1024K, 3 young (3072K), 3 survivors (3072K)
 Metaspace       used 51937K, committed 52288K, reserved 1114112K
  class space    used 6302K, committed 6464K, reserved 1048576K
}
Event: 33.924 GC heap before
{Heap before GC invocations=22 (full 0):
 garbage-first heap   total 92160K, used 64879K [0x0000000081800000, 0x0000000100000000)
  region size 1024K, 17 young (17408K), 3 survivors (3072K)
 Metaspace       used 52980K, committed 53312K, reserved 1114112K
  class space    used 6413K, committed 6592K, reserved 1048576K
}
Event: 33.935 GC heap after
{Heap after GC invocations=23 (full 0):
 garbage-first heap   total 92160K, used 51848K [0x0000000081800000, 0x0000000100000000)
  region size 1024K, 1 young (1024K), 1 survivors (1024K)
 Metaspace       used 52980K, committed 53312K, reserved 1114112K
  class space    used 6413K, committed 6592K, reserved 1048576K
}
Event: 35.478 GC heap before
{Heap before GC invocations=23 (full 0):
 garbage-first heap   total 92160K, used 73352K [0x0000000081800000, 0x0000000100000000)
  region size 1024K, 22 young (22528K), 1 survivors (1024K)
 Metaspace       used 54873K, committed 55168K, reserved 1114112K
  class space    used 6615K, committed 6784K, reserved 1048576K
}
Event: 35.492 GC heap after
{Heap after GC invocations=24 (full 0):
 garbage-first heap   total 92160K, used 54875K [0x0000000081800000, 0x0000000100000000)
  region size 1024K, 3 young (3072K), 3 survivors (3072K)
 Metaspace       used 54873K, committed 55168K, reserved 1114112K
  class space    used 6615K, committed 6784K, reserved 1048576K
}
Event: 37.931 GC heap before
{Heap before GC invocations=25 (full 0):
 garbage-first heap   total 96256K, used 73307K [0x0000000081800000, 0x0000000100000000)
  region size 1024K, 21 young (21504K), 3 survivors (3072K)
 Metaspace       used 56667K, committed 57024K, reserved 1114112K
  class space    used 6694K, committed 6848K, reserved 1048576K
}
Event: 37.947 GC heap after
{Heap after GC invocations=26 (full 0):
 garbage-first heap   total 96256K, used 57275K [0x0000000081800000, 0x0000000100000000)
  region size 1024K, 3 young (3072K), 3 survivors (3072K)
 Metaspace       used 56667K, committed 57024K, reserved 1114112K
  class space    used 6694K, committed 6848K, reserved 1048576K
}
Event: 40.117 GC heap before
{Heap before GC invocations=26 (full 0):
 garbage-first heap   total 96256K, used 74683K [0x0000000081800000, 0x0000000100000000)
  region size 1024K, 21 young (21504K), 3 survivors (3072K)
 Metaspace       used 57575K, committed 57920K, reserved 1114112K
  class space    used 6737K, committed 6912K, reserved 1048576K
}
Event: 40.129 GC heap after
{Heap after GC invocations=27 (full 0):
 garbage-first heap   total 96256K, used 58970K [0x0000000081800000, 0x0000000100000000)
  region size 1024K, 2 young (2048K), 2 survivors (2048K)
 Metaspace       used 57575K, committed 57920K, reserved 1114112K
  class space    used 6737K, committed 6912K, reserved 1048576K
}
Event: 41.718 GC heap before
{Heap before GC invocations=28 (full 0):
 garbage-first heap   total 116736K, used 79450K [0x0000000081800000, 0x0000000100000000)
  region size 1024K, 21 young (21504K), 2 survivors (2048K)
 Metaspace       used 58567K, committed 58880K, reserved 1114112K
  class space    used 6823K, committed 6976K, reserved 1048576K
}
Event: 41.730 GC heap after
{Heap after GC invocations=29 (full 0):
 garbage-first heap   total 116736K, used 61048K [0x0000000081800000, 0x0000000100000000)
  region size 1024K, 2 young (2048K), 2 survivors (2048K)
 Metaspace       used 58567K, committed 58880K, reserved 1114112K
  class space    used 6823K, committed 6976K, reserved 1048576K
}
Event: 43.701 GC heap before
{Heap before GC invocations=29 (full 0):
 garbage-first heap   total 116736K, used 92792K [0x0000000081800000, 0x0000000100000000)
  region size 1024K, 33 young (33792K), 2 survivors (2048K)
 Metaspace       used 64423K, committed 64768K, reserved 1114112K
  class space    used 7403K, committed 7552K, reserved 1048576K
}
Event: 43.714 GC heap after
{Heap after GC invocations=30 (full 0):
 garbage-first heap   total 116736K, used 62835K [0x0000000081800000, 0x0000000100000000)
  region size 1024K, 4 young (4096K), 4 survivors (4096K)
 Metaspace       used 64423K, committed 64768K, reserved 1114112K
  class space    used 7403K, committed 7552K, reserved 1048576K
}
Event: 45.333 GC heap before
{Heap before GC invocations=31 (full 0):
 garbage-first heap   total 116736K, used 94579K [0x0000000081800000, 0x0000000100000000)
  region size 1024K, 35 young (35840K), 4 survivors (4096K)
 Metaspace       used 67832K, committed 68160K, reserved 1114112K
  class space    used 7747K, committed 7936K, reserved 1048576K
}
Event: 45.359 GC heap after
{Heap after GC invocations=32 (full 0):
 garbage-first heap   total 116736K, used 67970K [0x0000000081800000, 0x0000000100000000)
  region size 1024K, 5 young (5120K), 5 survivors (5120K)
 Metaspace       used 67832K, committed 68160K, reserved 1114112K
  class space    used 7747K, committed 7936K, reserved 1048576K
}
Event: 45.414 GC heap before
{Heap before GC invocations=32 (full 0):
 garbage-first heap   total 116736K, used 68994K [0x0000000081800000, 0x0000000100000000)
  region size 1024K, 6 young (6144K), 5 survivors (5120K)
 Metaspace       used 67865K, committed 68224K, reserved 1114112K
  class space    used 7747K, committed 7936K, reserved 1048576K
}
Event: 45.431 GC heap after
{Heap after GC invocations=33 (full 0):
 garbage-first heap   total 116736K, used 68512K [0x0000000081800000, 0x0000000100000000)
  region size 1024K, 1 young (1024K), 1 survivors (1024K)
 Metaspace       used 67865K, committed 68224K, reserved 1114112K
  class space    used 7747K, committed 7936K, reserved 1048576K
}
Event: 46.892 GC heap before
{Heap before GC invocations=33 (full 0):
 garbage-first heap   total 116736K, used 93088K [0x0000000081800000, 0x0000000100000000)
  region size 1024K, 26 young (26624K), 1 survivors (1024K)
 Metaspace       used 73417K, committed 73792K, reserved 1114112K
  class space    used 8374K, committed 8576K, reserved 1048576K
}
Event: 46.902 GC heap after
{Heap after GC invocations=34 (full 0):
 garbage-first heap   total 219136K, used 69107K [0x0000000081800000, 0x0000000100000000)
  region size 1024K, 2 young (2048K), 2 survivors (2048K)
 Metaspace       used 73417K, committed 73792K, reserved 1114112K
  class space    used 8374K, committed 8576K, reserved 1048576K
}

