# JRE version: OpenJDK Runtime Environment Microsoft-8902769 (17.0.10+7) (build 17.0.10+7-LTS)
# Java VM: OpenJDK 64-Bit Server VM Microsoft-8902769 (17.0.10+7-LTS, mixed mode, sharing, tiered, compressed oops, compressed class ptrs, g1 gc, windows-amd64)
GC Precious Log:
 CPUs: 4 total, 4 available
 Memory: 8089M
 Large Page Support: Disabled
 NUMA Support: Disabled
 Compressed Oops: Enabled (32-bit)
 Heap Region Size: 1M
 Heap Min Capacity: 8M
 Heap Initial Capacity: 128M
 Heap Max Capacity: 2024M
 Pre-touch: Disabled
 Parallel Workers: 4
 Concurrent Workers: 1
 Concurrent Refinement Workers: 4
 Periodic GC: Disabled
Heap:
 garbage-first heap   total 68608K, used 45843K [0x0000000081800000, 0x0000000100000000)
  region size 1024K, 11 young (11264K), 3 survivors (3072K)
 Metaspace       used 45111K, committed 45312K, reserved 1114112K
  class space    used 5411K, committed 5504K, reserved 1048576K
GC Heap History (20 events):
Event: 13.473 GC heap before
{Heap before GC invocations=4 (full 0):
 garbage-first heap   total 65536K, used 50590K [0x0000000081800000, 0x0000000100000000)
  region size 1024K, 38 young (38912K), 7 survivors (7168K)
 Metaspace       used 26273K, committed 26432K, reserved 1114112K
  class space    used 3497K, committed 3584K, reserved 1048576K
}
Event: 13.502 GC heap after
{Heap after GC invocations=5 (full 0):
 garbage-first heap   total 65536K, used 24183K [0x0000000081800000, 0x0000000100000000)
  region size 1024K, 5 young (5120K), 5 survivors (5120K)
 Metaspace       used 26273K, committed 26432K, reserved 1114112K
  class space    used 3497K, committed 3584K, reserved 1048576K
}
Event: 13.592 GC heap before
{Heap before GC invocations=5 (full 0):
 garbage-first heap   total 65536K, used 25207K [0x0000000081800000, 0x0000000100000000)
  region size 1024K, 6 young (6144K), 5 survivors (5120K)
 Metaspace       used 26602K, committed 26880K, reserved 1114112K
  class space    used 3540K, committed 3648K, reserved 1048576K
}
Event: 13.604 GC heap after
{Heap after GC invocations=6 (full 0):
 garbage-first heap   total 65536K, used 25458K [0x0000000081800000, 0x0000000100000000)
  region size 1024K, 1 young (1024K), 1 survivors (1024K)
 Metaspace       used 26602K, committed 26880K, reserved 1114112K
  class space    used 3540K, committed 3648K, reserved 1048576K
}
Event: 15.500 GC heap before
{Heap before GC invocations=6 (full 0):
 garbage-first heap   total 65536K, used 45938K [0x0000000081800000, 0x0000000100000000)
  region size 1024K, 22 young (22528K), 1 survivors (1024K)
 Metaspace       used 30361K, committed 30592K, reserved 1114112K
  class space    used 3921K, committed 4032K, reserved 1048576K
}
Event: 15.508 GC heap after
{Heap after GC invocations=7 (full 0):
 garbage-first heap   total 65536K, used 25514K [0x0000000081800000, 0x0000000100000000)
  region size 1024K, 3 young (3072K), 3 survivors (3072K)
 Metaspace       used 30361K, committed 30592K, reserved 1114112K
  class space    used 3921K, committed 4032K, reserved 1048576K
}
Event: 17.694 GC heap before
{Heap before GC invocations=7 (full 0):
 garbage-first heap   total 65536K, used 45994K [0x0000000081800000, 0x0000000100000000)
  region size 1024K, 24 young (24576K), 3 survivors (3072K)
 Metaspace       used 35168K, committed 35392K, reserved 1114112K
  class space    used 4384K, committed 4480K, reserved 1048576K
}
Event: 17.703 GC heap after
{Heap after GC invocations=8 (full 0):
 garbage-first heap   total 65536K, used 27431K [0x0000000081800000, 0x0000000100000000)
  region size 1024K, 2 young (2048K), 2 survivors (2048K)
 Metaspace       used 35168K, committed 35392K, reserved 1114112K
  class space    used 4384K, committed 4480K, reserved 1048576K
}
Event: 18.022 GC heap before
{Heap before GC invocations=8 (full 0):
 garbage-first heap   total 65536K, used 28455K [0x0000000081800000, 0x0000000100000000)
  region size 1024K, 4 young (4096K), 2 survivors (2048K)
 Metaspace       used 35835K, committed 35968K, reserved 1114112K
  class space    used 4410K, committed 4480K, reserved 1048576K
}
Event: 18.027 GC heap after
{Heap after GC invocations=9 (full 0):
 garbage-first heap   total 65536K, used 27897K [0x0000000081800000, 0x0000000100000000)
  region size 1024K, 1 young (1024K), 1 survivors (1024K)
 Metaspace       used 35835K, committed 35968K, reserved 1114112K
  class space    used 4410K, committed 4480K, reserved 1048576K
}
Event: 21.630 GC heap before
{Heap before GC invocations=10 (full 0):
 garbage-first heap   total 65536K, used 50425K [0x0000000081800000, 0x0000000100000000)
  region size 1024K, 21 young (21504K), 1 survivors (1024K)
 Metaspace       used 39277K, committed 39488K, reserved 1114112K
  class space    used 4833K, committed 4928K, reserved 1048576K
}
Event: 21.640 GC heap after
{Heap after GC invocations=11 (full 0):
 garbage-first heap   total 65536K, used 33146K [0x0000000081800000, 0x0000000100000000)
  region size 1024K, 3 young (3072K), 3 survivors (3072K)
 Metaspace       used 39277K, committed 39488K, reserved 1114112K
  class space    used 4833K, committed 4928K, reserved 1048576K
}
Event: 23.468 GC heap before
{Heap before GC invocations=11 (full 0):
 garbage-first heap   total 65536K, used 50554K [0x0000000081800000, 0x0000000100000000)
  region size 1024K, 20 young (20480K), 3 survivors (3072K)
 Metaspace       used 42436K, committed 42688K, reserved 1114112K
  class space    used 5145K, committed 5248K, reserved 1048576K
}
Event: 23.483 GC heap after
{Heap after GC invocations=12 (full 0):
 garbage-first heap   total 65536K, used 36276K [0x0000000081800000, 0x0000000100000000)
  region size 1024K, 3 young (3072K), 3 survivors (3072K)
 Metaspace       used 42436K, committed 42688K, reserved 1114112K
  class space    used 5145K, committed 5248K, reserved 1048576K
}
Event: 23.852 GC heap before
{Heap before GC invocations=13 (full 0):
 garbage-first heap   total 65536K, used 38324K [0x0000000081800000, 0x0000000100000000)
  region size 1024K, 6 young (6144K), 3 survivors (3072K)
 Metaspace       used 42892K, committed 43136K, reserved 1114112K
  class space    used 5205K, committed 5312K, reserved 1048576K
}
Event: 23.861 GC heap after
{Heap after GC invocations=14 (full 0):
 garbage-first heap   total 65536K, used 37136K [0x0000000081800000, 0x0000000100000000)
  region size 1024K, 1 young (1024K), 1 survivors (1024K)
 Metaspace       used 42892K, committed 43136K, reserved 1114112K
  class space    used 5205K, committed 5312K, reserved 1048576K
}
Event: 24.172 GC heap before
{Heap before GC invocations=15 (full 0):
 garbage-first heap   total 66560K, used 52496K [0x0000000081800000, 0x0000000100000000)
  region size 1024K, 15 young (15360K), 1 survivors (1024K)
 Metaspace       used 42975K, committed 43264K, reserved 1114112K
  class space    used 5205K, committed 5312K, reserved 1048576K
}
Event: 24.175 GC heap after
{Heap after GC invocations=16 (full 0):
 garbage-first heap   total 66560K, used 37653K [0x0000000081800000, 0x0000000100000000)
  region size 1024K, 2 young (2048K), 2 survivors (2048K)
 Metaspace       used 42975K, committed 43264K, reserved 1114112K
  class space    used 5205K, committed 5312K, reserved 1048576K
}
Event: 25.725 GC heap before
{Heap before GC invocations=16 (full 0):
 garbage-first heap   total 66560K, used 53013K [0x0000000081800000, 0x0000000100000000)
  region size 1024K, 17 young (17408K), 2 survivors (2048K)
 Metaspace       used 44382K, committed 44672K, reserved 1114112K
  class space    used 5378K, committed 5504K, reserved 1048576K
}
Event: 25.731 GC heap after
{Heap after GC invocations=17 (full 0):
 garbage-first heap   total 66560K, used 38675K [0x0000000081800000, 0x0000000100000000)
  region size 1024K, 3 young (3072K), 3 survivors (3072K)
 Metaspace       used 44382K, committed 44672K, reserved 1114112K
  class space    used 5378K, committed 5504K, reserved 1048576K
}

